This is pdfTeX, Version 3.141592653-2.6-1.40.24 (MiKTeX 23.1) (preloaded format=pdflatex 2023.4.19)  22 MAY 2023 23:13
entering extended mode
 restricted \write18 enabled.
 file:line:error style messages enabled.
 %&-line parsing enabled.
**./PM.tex
(PM.tex
LaTeX2e <2022-11-01> patch level 1
L3 programming layer <2023-02-07>
(C:\Users\linus.lundqvist2\AppData\Local\Programs\MiKTeX\tex/latex/base\article
.cls
Document Class: article 2022/07/02 v1.4n Standard LaTeX document class

(C:\Users\linus.lundqvist2\AppData\Local\Programs\MiKTeX\tex/latex/base\size10.
clo
File: size10.clo 2022/07/02 v1.4n Standard LaTeX file (size option)
)
\c@part=\count185
\c@section=\count186
\c@subsection=\count187
\c@subsubsection=\count188
\c@paragraph=\count189
\c@subparagraph=\count190
\c@figure=\count191
\c@table=\count192
\abovecaptionskip=\skip48
\belowcaptionskip=\skip49
\bibindent=\dimen140
)
(C:\Users\linus.lundqvist2\AppData\Local\Programs\MiKTeX\tex/latex/amsmath\amsm
ath.sty
Package: amsmath 2022/04/08 v2.17n AMS math features
\@mathmargin=\skip50

For additional information on amsmath, use the `?' option.

(C:\Users\linus.lundqvist2\AppData\Local\Programs\MiKTeX\tex/latex/amsmath\amst
ext.sty
Package: amstext 2021/08/26 v2.01 AMS text

(C:\Users\linus.lundqvist2\AppData\Local\Programs\MiKTeX\tex/latex/amsmath\amsg
en.sty
File: amsgen.sty 1999/11/30 v2.0 generic functions
\@emptytoks=\toks16
\ex@=\dimen141
))
(C:\Users\linus.lundqvist2\AppData\Local\Programs\MiKTeX\tex/latex/amsmath\amsb
sy.sty
Package: amsbsy 1999/11/29 v1.2d Bold Symbols
\pmbraise@=\dimen142
)
(C:\Users\linus.lundqvist2\AppData\Local\Programs\MiKTeX\tex/latex/amsmath\amso
pn.sty
Package: amsopn 2022/04/08 v2.04 operator names
)
\inf@bad=\count193
LaTeX Info: Redefining \frac on input line 234.
\uproot@=\count194
\leftroot@=\count195
LaTeX Info: Redefining \overline on input line 399.
LaTeX Info: Redefining \colon on input line 410.
\classnum@=\count196
\DOTSCASE@=\count197
LaTeX Info: Redefining \ldots on input line 496.
LaTeX Info: Redefining \dots on input line 499.
LaTeX Info: Redefining \cdots on input line 620.
\Mathstrutbox@=\box51
\strutbox@=\box52
LaTeX Info: Redefining \big on input line 722.
LaTeX Info: Redefining \Big on input line 723.
LaTeX Info: Redefining \bigg on input line 724.
LaTeX Info: Redefining \Bigg on input line 725.
\big@size=\dimen143
LaTeX Font Info:    Redeclaring font encoding OML on input line 743.
LaTeX Font Info:    Redeclaring font encoding OMS on input line 744.
\macc@depth=\count198
LaTeX Info: Redefining \bmod on input line 905.
LaTeX Info: Redefining \pmod on input line 910.
LaTeX Info: Redefining \smash on input line 940.
LaTeX Info: Redefining \relbar on input line 970.
LaTeX Info: Redefining \Relbar on input line 971.
\c@MaxMatrixCols=\count199
\dotsspace@=\muskip16
\c@parentequation=\count266
\dspbrk@lvl=\count267
\tag@help=\toks17
\row@=\count268
\column@=\count269
\maxfields@=\count270
\andhelp@=\toks18
\eqnshift@=\dimen144
\alignsep@=\dimen145
\tagshift@=\dimen146
\tagwidth@=\dimen147
\totwidth@=\dimen148
\lineht@=\dimen149
\@envbody=\toks19
\multlinegap=\skip51
\multlinetaggap=\skip52
\mathdisplay@stack=\toks20
LaTeX Info: Redefining \[ on input line 2953.
LaTeX Info: Redefining \] on input line 2954.
)
(C:\Users\linus.lundqvist2\AppData\Local\Programs\MiKTeX\tex/latex/graphics\gra
phicx.sty
Package: graphicx 2021/09/16 v1.2d Enhanced LaTeX Graphics (DPC,SPQR)

(C:\Users\linus.lundqvist2\AppData\Local\Programs\MiKTeX\tex/latex/graphics\key
val.sty
Package: keyval 2022/05/29 v1.15 key=value parser (DPC)
\KV@toks@=\toks21
)
(C:\Users\linus.lundqvist2\AppData\Local\Programs\MiKTeX\tex/latex/graphics\gra
phics.sty
Package: graphics 2022/03/10 v1.4e Standard LaTeX Graphics (DPC,SPQR)

(C:\Users\linus.lundqvist2\AppData\Local\Programs\MiKTeX\tex/latex/graphics\tri
g.sty
Package: trig 2021/08/11 v1.11 sin cos tan (DPC)
)
(C:\Users\linus.lundqvist2\AppData\Local\Programs\MiKTeX\tex/latex/graphics-cfg
\graphics.cfg
File: graphics.cfg 2016/06/04 v1.11 sample graphics configuration
)
Package graphics Info: Driver file: pdftex.def on input line 107.

(C:\Users\linus.lundqvist2\AppData\Local\Programs\MiKTeX\tex/latex/graphics-def
\pdftex.def
File: pdftex.def 2022/09/22 v1.2b Graphics/color driver for pdftex
))
\Gin@req@height=\dimen150
\Gin@req@width=\dimen151
)
(C:\Users\linus.lundqvist2\AppData\Local\Programs\MiKTeX\tex/generic/babel\babe
l.sty
Package: babel 2023/02/13 3.86 The Babel package
\babel@savecnt=\count271
\U@D=\dimen152
\l@unhyphenated=\language79

(C:\Users\linus.lundqvist2\AppData\Local\Programs\MiKTeX\tex/generic/babel\txtb
abel.def)
\bbl@readstream=\read2
\bbl@dirlevel=\count272

*************************************
* Local config file bblopts.cfg used
*

(C:\Users\linus.lundqvist2\AppData\Local\Programs\MiKTeX\tex/latex/arabi\bblopt
s.cfg
File: bblopts.cfg 2005/09/08 v0.1 add Arabic and Farsi to "declared" options of
 babel
)
(C:\Users\linus.lundqvist2\AppData\Local\Programs\MiKTeX\tex/latex/babel-swedis
h\swedish.ldf
Language: swedish 2021/02/06 v2.3e Swedish support from the babel system
Package babel Info: Making " an active character on input line 90.
))
(C:\Users\linus.lundqvist2\AppData\Local\Programs\MiKTeX\tex/generic/babel/loca
le/sv\babel-swedish.tex
Package babel Info: Importing font and identification data for swedish
(babel)             from babel-sv.ini. Reported on input line 11.
)
(C:\Users\linus.lundqvist2\AppData\Local\Programs\MiKTeX\tex/latex/biblatex\bib
latex.sty
Package: biblatex 2022/07/12 v3.18b programmable bibliographies (PK/MW)

(C:\Users\linus.lundqvist2\AppData\Local\Programs\MiKTeX\tex/generic/pdftexcmds
\pdftexcmds.sty
Package: pdftexcmds 2020-06-27 v0.33 Utility functions of pdfTeX for LuaTeX (HO
)

(C:\Users\linus.lundqvist2\AppData\Local\Programs\MiKTeX\tex/generic/infwarerr\
infwarerr.sty
Package: infwarerr 2019/12/03 v1.5 Providing info/warning/error messages (HO)
)
(C:\Users\linus.lundqvist2\AppData\Local\Programs\MiKTeX\tex/generic/iftex\ifte
x.sty
Package: iftex 2022/02/03 v1.0f TeX engine tests
)
(C:\Users\linus.lundqvist2\AppData\Local\Programs\MiKTeX\tex/generic/ltxcmds\lt
xcmds.sty
Package: ltxcmds 2020-05-10 v1.25 LaTeX kernel commands for general use (HO)
)
Package pdftexcmds Info: \pdf@primitive is available.
Package pdftexcmds Info: \pdf@ifprimitive is available.
Package pdftexcmds Info: \pdfdraftmode found.
)
(C:\Users\linus.lundqvist2\AppData\Local\Programs\MiKTeX\tex/latex/etoolbox\eto
olbox.sty
Package: etoolbox 2020/10/05 v2.5k e-TeX tools for LaTeX (JAW)
\etb@tempcnta=\count273
)
(C:\Users\linus.lundqvist2\AppData\Local\Programs\MiKTeX\tex/latex/kvoptions\kv
options.sty
Package: kvoptions 2022-06-15 v3.15 Key value format for package options (HO)

(C:\Users\linus.lundqvist2\AppData\Local\Programs\MiKTeX\tex/latex/kvsetkeys\kv
setkeys.sty
Package: kvsetkeys 2022-10-05 v1.19 Key value parser (HO)
))
(C:\Users\linus.lundqvist2\AppData\Local\Programs\MiKTeX\tex/latex/logreq\logre
q.sty
Package: logreq 2010/08/04 v1.0 xml request logger
\lrq@indent=\count274

(C:\Users\linus.lundqvist2\AppData\Local\Programs\MiKTeX\tex/latex/logreq\logre
q.def
File: logreq.def 2010/08/04 v1.0 logreq spec v1.0
))
(C:\Users\linus.lundqvist2\AppData\Local\Programs\MiKTeX\tex/latex/base\ifthen.
sty
Package: ifthen 2022/04/13 v1.1d Standard LaTeX ifthen package (DPC)
)
(C:\Users\linus.lundqvist2\AppData\Local\Programs\MiKTeX\tex/latex/url\url.sty
\Urlmuskip=\muskip17
Package: url 2013/09/16  ver 3.4  Verb mode for urls, etc.
)
\c@tabx@nest=\count275
\c@listtotal=\count276
\c@listcount=\count277
\c@liststart=\count278
\c@liststop=\count279
\c@citecount=\count280
\c@citetotal=\count281
\c@multicitecount=\count282
\c@multicitetotal=\count283
\c@instcount=\count284
\c@maxnames=\count285
\c@minnames=\count286
\c@maxitems=\count287
\c@minitems=\count288
\c@citecounter=\count289
\c@maxcitecounter=\count290
\c@savedcitecounter=\count291
\c@uniquelist=\count292
\c@uniquename=\count293
\c@refsection=\count294
\c@refsegment=\count295
\c@maxextratitle=\count296
\c@maxextratitleyear=\count297
\c@maxextraname=\count298
\c@maxextradate=\count299
\c@maxextraalpha=\count300
\c@abbrvpenalty=\count301
\c@highnamepenalty=\count302
\c@lownamepenalty=\count303
\c@maxparens=\count304
\c@parenlevel=\count305
\blx@tempcnta=\count306
\blx@tempcntb=\count307
\blx@tempcntc=\count308
\c@blx@maxsection=\count309
\blx@maxsegment@0=\count310
\blx@notetype=\count311
\blx@parenlevel@text=\count312
\blx@parenlevel@foot=\count313
\blx@sectionciteorder@0=\count314
\blx@sectionciteorderinternal@0=\count315
\blx@entrysetcounter=\count316
\blx@biblioinstance=\count317
\labelnumberwidth=\skip53
\labelalphawidth=\skip54
\biblabelsep=\skip55
\bibitemsep=\skip56
\bibnamesep=\skip57
\bibinitsep=\skip58
\bibparsep=\skip59
\bibhang=\skip60
\blx@bcfin=\read3
\blx@bcfout=\write3
\blx@langwohyphens=\language80
\c@mincomprange=\count318
\c@maxcomprange=\count319
\c@mincompwidth=\count320
Package biblatex Info: Trying to load biblatex default data model...
Package biblatex Info: ... file 'blx-dm.def' found.

(C:\Users\linus.lundqvist2\AppData\Local\Programs\MiKTeX\tex/latex/biblatex\blx
-dm.def
File: blx-dm.def 2022/07/12 v3.18b biblatex localization (PK/MW)
)
Package biblatex Info: Trying to load biblatex style data model...
Package biblatex Info: ... file 'authoryear-ibid.dbx' not found.
Package biblatex Info: Trying to load biblatex custom data model...
Package biblatex Info: ... file 'biblatex-dm.cfg' not found.
\c@afterword=\count321
\c@savedafterword=\count322
\c@annotator=\count323
\c@savedannotator=\count324
\c@author=\count325
\c@savedauthor=\count326
\c@bookauthor=\count327
\c@savedbookauthor=\count328
\c@commentator=\count329
\c@savedcommentator=\count330
\c@editor=\count331
\c@savededitor=\count332
\c@editora=\count333
\c@savededitora=\count334
\c@editorb=\count335
\c@savededitorb=\count336
\c@editorc=\count337
\c@savededitorc=\count338
\c@foreword=\count339
\c@savedforeword=\count340
\c@holder=\count341
\c@savedholder=\count342
\c@introduction=\count343
\c@savedintroduction=\count344
\c@namea=\count345
\c@savednamea=\count346
\c@nameb=\count347
\c@savednameb=\count348
\c@namec=\count349
\c@savednamec=\count350
\c@translator=\count351
\c@savedtranslator=\count352
\c@shortauthor=\count353
\c@savedshortauthor=\count354
\c@shorteditor=\count355
\c@savedshorteditor=\count356
\c@labelname=\count357
\c@savedlabelname=\count358
\c@institution=\count359
\c@savedinstitution=\count360
\c@lista=\count361
\c@savedlista=\count362
\c@listb=\count363
\c@savedlistb=\count364
\c@listc=\count365
\c@savedlistc=\count366
\c@listd=\count367
\c@savedlistd=\count368
\c@liste=\count369
\c@savedliste=\count370
\c@listf=\count371
\c@savedlistf=\count372
\c@location=\count373
\c@savedlocation=\count374
\c@organization=\count375
\c@savedorganization=\count376
\c@origlocation=\count377
\c@savedoriglocation=\count378
\c@origpublisher=\count379
\c@savedorigpublisher=\count380
\c@publisher=\count381
\c@savedpublisher=\count382
\c@language=\count383
\c@savedlanguage=\count384
\c@origlanguage=\count385
\c@savedoriglanguage=\count386
\c@pageref=\count387
\c@savedpageref=\count388
\shorthandwidth=\skip61
\shortjournalwidth=\skip62
\shortserieswidth=\skip63
\shorttitlewidth=\skip64
\shortauthorwidth=\skip65
\shorteditorwidth=\skip66
\locallabelnumberwidth=\skip67
\locallabelalphawidth=\skip68
\localshorthandwidth=\skip69
\localshortjournalwidth=\skip70
\localshortserieswidth=\skip71
\localshorttitlewidth=\skip72
\localshortauthorwidth=\skip73
\localshorteditorwidth=\skip74
Package biblatex Info: Trying to load compatibility code...
Package biblatex Info: ... file 'blx-compat.def' found.

(C:\Users\linus.lundqvist2\AppData\Local\Programs\MiKTeX\tex/latex/biblatex\blx
-compat.def
File: blx-compat.def 2022/07/12 v3.18b biblatex compatibility (PK/MW)
)
Package biblatex Info: Trying to load generic definitions...
Package biblatex Info: ... file 'biblatex.def' found.

(C:\Users\linus.lundqvist2\AppData\Local\Programs\MiKTeX\tex/latex/biblatex\bib
latex.def
File: biblatex.def 2022/07/12 v3.18b biblatex compatibility (PK/MW)
\c@textcitecount=\count389
\c@textcitetotal=\count390
\c@textcitemaxnames=\count391
\c@biburlbigbreakpenalty=\count392
\c@biburlbreakpenalty=\count393
\c@biburlnumpenalty=\count394
\c@biburlucpenalty=\count395
\c@biburllcpenalty=\count396
\biburlbigskip=\muskip18
\biburlnumskip=\muskip19
\biburlucskip=\muskip20
\biburllcskip=\muskip21
\c@smartand=\count397
)
Package biblatex Info: Trying to load bibliography style 'authoryear-ibid'...
Package biblatex Info: ... file 'authoryear-ibid.bbx' found.

(C:\Users\linus.lundqvist2\AppData\Local\Programs\MiKTeX\tex/latex/biblatex/bbx
\authoryear-ibid.bbx
File: authoryear-ibid.bbx 2022/07/12 v3.18b biblatex bibliography style (PK/MW)

Package biblatex Info: Trying to load bibliography style 'authoryear'...
Package biblatex Info: ... file 'authoryear.bbx' found.

(C:\Users\linus.lundqvist2\AppData\Local\Programs\MiKTeX\tex/latex/biblatex/bbx
\authoryear.bbx
File: authoryear.bbx 2022/07/12 v3.18b biblatex bibliography style (PK/MW)
Package biblatex Info: Trying to load bibliography style 'standard'...
Package biblatex Info: ... file 'standard.bbx' found.

(C:\Users\linus.lundqvist2\AppData\Local\Programs\MiKTeX\tex/latex/biblatex/bbx
\standard.bbx
File: standard.bbx 2022/07/12 v3.18b biblatex bibliography style (PK/MW)
\c@bbx:relatedcount=\count398
\c@bbx:relatedtotal=\count399
)))
Package biblatex Info: Trying to load citation style 'authoryear-ibid'...
Package biblatex Info: ... file 'authoryear-ibid.cbx' found.

(C:\Users\linus.lundqvist2\AppData\Local\Programs\MiKTeX\tex/latex/biblatex/cbx
\authoryear-ibid.cbx
File: authoryear-ibid.cbx 2022/07/12 v3.18b biblatex citation style (PK/MW)
Package biblatex Info: Redefining '\cite'.
Package biblatex Info: Redefining '\parencite'.
Package biblatex Info: Redefining '\footcite'.
Package biblatex Info: Redefining '\footcitetext'.
Package biblatex Info: Redefining '\smartcite'.
Package biblatex Info: Redefining '\textcite'.
Package biblatex Info: Redefining '\textcites'.
)
Package biblatex Info: Trying to load configuration file...
Package biblatex Info: ... file 'biblatex.cfg' found.

(C:\Users\linus.lundqvist2\AppData\Local\Programs\MiKTeX\tex/latex/biblatex\bib
latex.cfg
File: biblatex.cfg 
)
Package biblatex Info: Input encoding 'utf8' detected.
Package biblatex Info: Document encoding is UTF8 ....

(C:\Users\linus.lundqvist2\AppData\Local\Programs\MiKTeX\tex/latex/l3kernel\exp
l3.sty
Package: expl3 2023-02-07 L3 programming layer (loader) 

(C:\Users\linus.lundqvist2\AppData\Local\Programs\MiKTeX\tex/latex/l3backend\l3
backend-pdftex.def
File: l3backend-pdftex.def 2023-01-16 L3 backend support: PDF output (pdfTeX)
\l__color_backend_stack_int=\count400
\l__pdf_internal_box=\box53
))
Package biblatex Info: ... and expl3
(biblatex)             2023-02-07 L3 programming layer (loader) 
(biblatex)             is new enough (at least 2020/04/06),
(biblatex)             setting 'casechanger=expl3'.

(C:\Users\linus.lundqvist2\AppData\Local\Programs\MiKTeX\tex/latex/biblatex\blx
-case-expl3.sty
(C:\Users\linus.lundqvist2\AppData\Local\Programs\MiKTeX\tex/latex/l3packages/x
parse\xparse.sty
Package: xparse 2023-01-16 L3 Experimental document command parser
)
Package: blx-case-expl3 2022/07/12 v3.18b expl3 case changing code for biblatex

))
(C:\Users\linus.lundqvist2\AppData\Local\Programs\MiKTeX\tex/latex/base\inputen
c.sty
Package: inputenc 2021/02/14 v1.3d Input encoding file
\inpenc@prehook=\toks22
\inpenc@posthook=\toks23
)
(C:\Users\linus.lundqvist2\AppData\Local\Programs\MiKTeX\tex/latex/base\fontenc
.sty
Package: fontenc 2021/04/29 v2.0v Standard LaTeX package
)
(C:\Users\linus.lundqvist2\AppData\Local\Programs\MiKTeX\tex/latex/blindtext\bl
indtext.sty
Package: blindtext 2012/01/06 V2.0 blindtext-Package

(C:\Users\linus.lundqvist2\AppData\Local\Programs\MiKTeX\tex/latex/tools\xspace
.sty
Package: xspace 2014/10/28 v1.13 Space after command names (DPC,MH)
)
\c@blindtext=\count401
\c@Blindtext=\count402
\c@blind@countparstart=\count403
\blind@countxx=\count404
\blindtext@numBlindtext=\count405
\blind@countyy=\count406
\c@blindlist=\count407
\c@blindlistlevel=\count408
\c@blindlist@level=\count409
\blind@listitem=\count410
\c@blind@listcount=\count411
\c@blind@levelcount=\count412
\blind@mathformula=\count413
\blind@Mathformula=\count414
\c@blind@randomcount=\count415
\c@blind@randommax=\count416
\c@blind@pangramcount=\count417
\c@blind@pangrammax=\count418
)
(C:\Users\linus.lundqvist2\AppData\Local\Programs\MiKTeX\tex/latex/siunitx\siun
itx.sty
Package: siunitx 2023-04-13 v3.2.5 A comprehensive (SI) units package
\l__siunitx_angle_tmp_dim=\dimen153
\l__siunitx_angle_marker_box=\box54
\l__siunitx_angle_unit_box=\box55
\l__siunitx_compound_count_int=\count419

(C:\Users\linus.lundqvist2\AppData\Local\Programs\MiKTeX\tex/latex/translations
\translations.sty
Package: translations 2022/02/05 v1.12 internationalization of LaTeX2e packages
 (CN)
)
\l__siunitx_number_exponent_fixed_int=\count420
\l__siunitx_number_min_decimal_int=\count421
\l__siunitx_number_min_integer_int=\count422
\l__siunitx_number_round_precision_int=\count423
\l__siunitx_number_lower_threshold_int=\count424
\l__siunitx_number_upper_threshold_int=\count425
\l__siunitx_number_group_first_int=\count426
\l__siunitx_number_group_size_int=\count427
\l__siunitx_number_group_minimum_int=\count428
\l__siunitx_table_tmp_box=\box56
\l__siunitx_table_tmp_dim=\dimen154
\l__siunitx_table_column_width_dim=\dimen155
\l__siunitx_table_integer_box=\box57
\l__siunitx_table_decimal_box=\box58
\l__siunitx_table_uncert_box=\box59
\l__siunitx_table_before_box=\box60
\l__siunitx_table_after_box=\box61
\l__siunitx_table_before_dim=\dimen156
\l__siunitx_table_carry_dim=\dimen157
\l__siunitx_unit_tmp_int=\count429
\l__siunitx_unit_position_int=\count430
\l__siunitx_unit_total_int=\count431

(C:\Users\linus.lundqvist2\AppData\Local\Programs\MiKTeX\tex/latex/tools\array.
sty
Package: array 2022/09/04 v2.5g Tabular extension package (FMi)
\col@sep=\dimen158
\ar@mcellbox=\box62
\extrarowheight=\dimen159
\NC@list=\toks24
\extratabsurround=\skip75
\backup@length=\skip76
\ar@cellbox=\box63
))

Package biblatex Warning: Load 'inputenc' before biblatex.


Package biblatex Warning: 'babel/polyglossia' detected but 'csquotes' missing.
(biblatex)                Loading 'csquotes' recommended.

\@quotelevel=\count432
\@quotereset=\count433

LaTeX Warning: Unused global option(s):
    [11p].

No file PM.aux.
\openout1 = `PM.aux'.

LaTeX Font Info:    Checking defaults for OML/cmm/m/it on input line 23.
LaTeX Font Info:    ... okay on input line 23.
LaTeX Font Info:    Checking defaults for OMS/cmsy/m/n on input line 23.
LaTeX Font Info:    ... okay on input line 23.
LaTeX Font Info:    Checking defaults for OT1/cmr/m/n on input line 23.
LaTeX Font Info:    ... okay on input line 23.
LaTeX Font Info:    Checking defaults for T1/cmr/m/n on input line 23.
LaTeX Font Info:    ... okay on input line 23.
LaTeX Font Info:    Checking defaults for TS1/cmr/m/n on input line 23.
LaTeX Font Info:    ... okay on input line 23.
LaTeX Font Info:    Checking defaults for OMX/cmex/m/n on input line 23.
LaTeX Font Info:    ... okay on input line 23.
LaTeX Font Info:    Checking defaults for U/cmr/m/n on input line 23.
LaTeX Font Info:    ... okay on input line 23.

(C:\Users\linus.lundqvist2\AppData\Local\Programs\MiKTeX\tex/context/base/mkii\
supp-pdf.mkii
[Loading MPS to PDF converter (version 2006.09.02).]
\scratchcounter=\count434
\scratchdimen=\dimen160
\scratchbox=\box64
\nofMPsegments=\count435
\nofMParguments=\count436
\everyMPshowfont=\toks25
\MPscratchCnt=\count437
\MPscratchDim=\dimen161
\MPnumerator=\count438
\makeMPintoPDFobject=\count439
\everyMPtoPDFconversion=\toks26
)
(C:\Users\linus.lundqvist2\AppData\Local\Programs\MiKTeX\tex/latex/epstopdf-pkg
\epstopdf-base.sty
Package: epstopdf-base 2020-01-24 v2.11 Base part for package epstopdf
Package epstopdf-base Info: Redefining graphics rule for `.eps' on input line 4
85.

(C:\Users\linus.lundqvist2\AppData\Local\Programs\MiKTeX\tex/latex/00miktex\eps
topdf-sys.cfg
File: epstopdf-sys.cfg 2021/03/18 v2.0 Configuration of epstopdf for MiKTeX
))
Package biblatex Info: Trying to load language 'swedish'...
Package biblatex Info: ... file 'swedish.lbx' found.

(C:\Users\linus.lundqvist2\AppData\Local\Programs\MiKTeX\tex/latex/biblatex/lbx
\swedish.lbx
File: swedish.lbx 2022/07/12 v3.18b biblatex localization (PK/MW)
)
Package biblatex Info: Input encoding 'utf8' detected.
Package biblatex Info: Automatic encoding selection.
(biblatex)             Assuming data encoding 'utf8'.
\openout3 = `PM.bcf'.

Package biblatex Info: Trying to load bibliographic data...
Package biblatex Info: ... file 'PM.bbl' not found.

No file PM.bbl.
Package biblatex Info: Reference section=0 on input line 23.
Package biblatex Info: Reference segment=0 on input line 23.

(C:\Users\linus.lundqvist2\AppData\Local\Programs\MiKTeX\tex/latex/graphics\col
or.sty
Package: color 2022/01/06 v1.3d Standard LaTeX Color (DPC)

(C:\Users\linus.lundqvist2\AppData\Local\Programs\MiKTeX\tex/latex/graphics-cfg
\color.cfg
File: color.cfg 2016/01/02 v1.6 sample color configuration
)
Package color Info: Driver file: pdftex.def on input line 149.

(C:\Users\linus.lundqvist2\AppData\Local\Programs\MiKTeX\tex/latex/graphics\mat
hcolor.ltx))
Package translations Info: no dictionary file `translations-basic-dictionary-sw
edish.trsl' found. on input line 23.
<NTI Gymnasiet_Symbol_print_svart.png, id=1, 208.78pt x 184.69pt>
File: NTI Gymnasiet_Symbol_print_svart.png Graphic file (type png)
<use NTI Gymnasiet_Symbol_print_svart.png>
Package pdftex.def Info: NTI Gymnasiet_Symbol_print_svart.png  used on input li
ne 47.
(pdftex.def)             Requested size: 137.9979pt x 122.08176pt.
 [1

{C:/Users/linus.lundqvist2/AppData/Local/MiKTeX/fonts/map/pdftex/pdftex.map} <.
/NTI Gymnasiet_Symbol_print_svart.png>]
Underfull \hbox (badness 10000) in paragraph at lines 77--79

 []


Underfull \hbox (badness 10000) in paragraph at lines 89--91

 []

[1]
Underfull \hbox (badness 10000) in paragraph at lines 100--102

 []

[2] (C:/Webb\Laboration-5-Ellara\auxil\PM.aux)

LaTeX Warning: There were undefined references.


Package biblatex Warning: Please (re)run Biber on the file:
(biblatex)                PM
(biblatex)                and rerun LaTeX afterwards.

Package logreq Info: Writing requests to 'PM.run.xml'.
\openout1 = `PM.run.xml'.

 ) 
Here is how much of TeX's memory you used:
 14859 strings out of 476339
 317141 string characters out of 5782927
 1855340 words of memory out of 5000000
 35159 multiletter control sequences out of 15000+600000
 520013 words of font info for 44 fonts, out of 8000000 for 9000
 1141 hyphenation exceptions out of 8191
 63i,5n,68p,677b,1171s stack positions out of 10000i,1000n,20000p,200000b,200000s
 <C:\Users\linus.lundqvist2\AppData\Local\MiKTeX\fonts/pk/ljfour/jknappen/ec/
dpi600\ecbx1200.pk> <C:\Users\linus.lundqvist2\AppData\Local\MiKTeX\fonts/pk/lj
four/jknappen/ec/dpi600\tcrm1000.pk> <C:\Users\linus.lundqvist2\AppData\Local\M
iKTeX\fonts/pk/ljfour/jknappen/ec/dpi600\ecrm1000.pk> <C:\Users\linus.lundqvist
2\AppData\Local\MiKTeX\fonts/pk/ljfour/jknappen/ec/dpi600\ecbx1440.pk> <C:\User
s\linus.lundqvist2\AppData\Local\MiKTeX\fonts/pk/ljfour/jknappen/ec/dpi600\ecrm
1440.pk> <C:\Users\linus.lundqvist2\AppData\Local\MiKTeX\fonts/pk/ljfour/jknapp
en/ec/dpi600\ecbx1728.pk> <C:\Users\linus.lundqvist2\AppData\Local\MiKTeX\fonts
/pk/ljfour/jknappen/ec/dpi600\ecrm1728.pk> <C:\Users\linus.lundqvist2\AppData\L
ocal\MiKTeX\fonts/pk/ljfour/jknappen/ec/dpi600\ecbx2488.pk><C:/Users/linus.lund
qvist2/AppData/Local/Programs/MiKTeX/fonts/type1/public/amsfonts/cm/cmr10.pfb>
Output written on C:/Webb\Laboration-5-Ellara\out\PM.pdf (3 pages, 66874 bytes)
.
PDF statistics:
 187 PDF objects out of 1000 (max. 8388607)
 0 named destinations out of 1000 (max. 500000)
 6 words of extra memory for PDF output out of 10000 (max. 10000000)

